2022-06-14 20:40:19.877  INFO 19420 --- [main] c.b.u.UserRegistrationJwtApplication     : Starting UserRegistrationJwtApplication using Java 17.0.2 on DESKTOP-F5EDT75 with PID 19420 (C:\Users\Ajit Vibhute\eclipse-workspace-web\user-registration-jwt\target\classes started by Ajit Vibhute in C:\Users\Ajit Vibhute\eclipse-workspace-web\user-registration-jwt)
2022-06-14 20:40:19.909 DEBUG 19420 --- [main] c.b.u.UserRegistrationJwtApplication     : Running with Spring Boot v2.7.0, Spring v5.3.20
2022-06-14 20:40:19.913  INFO 19420 --- [main] c.b.u.UserRegistrationJwtApplication     : The following 1 profile is active: "dev"
2022-06-14 20:40:37.765 ERROR 19420 --- [main] com.zaxxer.hikari.pool.HikariPool        : HikariPool-1 - Exception during pool initialization.

java.sql.SQLSyntaxErrorException: Unknown database 'user_registration'
	at com.mysql.cj.jdbc.exceptions.SQLError.createSQLException(SQLError.java:120) ~[mysql-connector-java-8.0.29.jar:8.0.29]
	at com.mysql.cj.jdbc.exceptions.SQLExceptionsMapping.translateException(SQLExceptionsMapping.java:122) ~[mysql-connector-java-8.0.29.jar:8.0.29]
	at com.mysql.cj.jdbc.ConnectionImpl.createNewIO(ConnectionImpl.java:828) ~[mysql-connector-java-8.0.29.jar:8.0.29]
	at com.mysql.cj.jdbc.ConnectionImpl.<init>(ConnectionImpl.java:448) ~[mysql-connector-java-8.0.29.jar:8.0.29]
	at com.mysql.cj.jdbc.ConnectionImpl.getInstance(ConnectionImpl.java:241) ~[mysql-connector-java-8.0.29.jar:8.0.29]
	at com.mysql.cj.jdbc.NonRegisteringDriver.connect(NonRegisteringDriver.java:198) ~[mysql-connector-java-8.0.29.jar:8.0.29]
	at com.zaxxer.hikari.util.DriverDataSource.getConnection(DriverDataSource.java:138) ~[HikariCP-4.0.3.jar:na]
	at com.zaxxer.hikari.pool.PoolBase.newConnection(PoolBase.java:364) ~[HikariCP-4.0.3.jar:na]
	at com.zaxxer.hikari.pool.PoolBase.newPoolEntry(PoolBase.java:206) ~[HikariCP-4.0.3.jar:na]
	at com.zaxxer.hikari.pool.HikariPool.createPoolEntry(HikariPool.java:476) ~[HikariCP-4.0.3.jar:na]
	at com.zaxxer.hikari.pool.HikariPool.checkFailFast(HikariPool.java:561) ~[HikariCP-4.0.3.jar:na]
	at com.zaxxer.hikari.pool.HikariPool.<init>(HikariPool.java:115) ~[HikariCP-4.0.3.jar:na]
	at com.zaxxer.hikari.HikariDataSource.getConnection(HikariDataSource.java:112) ~[HikariCP-4.0.3.jar:na]
	at org.hibernate.engine.jdbc.connections.internal.DatasourceConnectionProviderImpl.getConnection(DatasourceConnectionProviderImpl.java:122) ~[hibernate-core-5.6.9.Final.jar:5.6.9.Final]
	at org.hibernate.engine.jdbc.env.internal.JdbcEnvironmentInitiator$ConnectionProviderJdbcConnectionAccess.obtainConnection(JdbcEnvironmentInitiator.java:181) ~[hibernate-core-5.6.9.Final.jar:5.6.9.Final]
	at org.hibernate.engine.jdbc.env.internal.JdbcEnvironmentInitiator.initiateService(JdbcEnvironmentInitiator.java:68) ~[hibernate-core-5.6.9.Final.jar:5.6.9.Final]
	at org.hibernate.engine.jdbc.env.internal.JdbcEnvironmentInitiator.initiateService(JdbcEnvironmentInitiator.java:35) ~[hibernate-core-5.6.9.Final.jar:5.6.9.Final]
	at org.hibernate.boot.registry.internal.StandardServiceRegistryImpl.initiateService(StandardServiceRegistryImpl.java:101) ~[hibernate-core-5.6.9.Final.jar:5.6.9.Final]
	at org.hibernate.service.internal.AbstractServiceRegistryImpl.createService(AbstractServiceRegistryImpl.java:263) ~[hibernate-core-5.6.9.Final.jar:5.6.9.Final]
	at org.hibernate.service.internal.AbstractServiceRegistryImpl.initializeService(AbstractServiceRegistryImpl.java:237) ~[hibernate-core-5.6.9.Final.jar:5.6.9.Final]
	at org.hibernate.service.internal.AbstractServiceRegistryImpl.getService(AbstractServiceRegistryImpl.java:214) ~[hibernate-core-5.6.9.Final.jar:5.6.9.Final]
	at org.hibernate.id.factory.internal.DefaultIdentifierGeneratorFactory.injectServices(DefaultIdentifierGeneratorFactory.java:175) ~[hibernate-core-5.6.9.Final.jar:5.6.9.Final]
	at org.hibernate.service.internal.AbstractServiceRegistryImpl.injectDependencies(AbstractServiceRegistryImpl.java:286) ~[hibernate-core-5.6.9.Final.jar:5.6.9.Final]
	at org.hibernate.service.internal.AbstractServiceRegistryImpl.initializeService(AbstractServiceRegistryImpl.java:243) ~[hibernate-core-5.6.9.Final.jar:5.6.9.Final]
	at org.hibernate.service.internal.AbstractServiceRegistryImpl.getService(AbstractServiceRegistryImpl.java:214) ~[hibernate-core-5.6.9.Final.jar:5.6.9.Final]
	at org.hibernate.boot.internal.InFlightMetadataCollectorImpl.<init>(InFlightMetadataCollectorImpl.java:173) ~[hibernate-core-5.6.9.Final.jar:5.6.9.Final]
	at org.hibernate.boot.model.process.spi.MetadataBuildingProcess.complete(MetadataBuildingProcess.java:127) ~[hibernate-core-5.6.9.Final.jar:5.6.9.Final]
	at org.hibernate.jpa.boot.internal.EntityManagerFactoryBuilderImpl.metadata(EntityManagerFactoryBuilderImpl.java:1460) ~[hibernate-core-5.6.9.Final.jar:5.6.9.Final]
	at org.hibernate.jpa.boot.internal.EntityManagerFactoryBuilderImpl.build(EntityManagerFactoryBuilderImpl.java:1494) ~[hibernate-core-5.6.9.Final.jar:5.6.9.Final]
	at org.springframework.orm.jpa.vendor.SpringHibernateJpaPersistenceProvider.createContainerEntityManagerFactory(SpringHibernateJpaPersistenceProvider.java:58) ~[spring-orm-5.3.20.jar:5.3.20]
	at org.springframework.orm.jpa.LocalContainerEntityManagerFactoryBean.createNativeEntityManagerFactory(LocalContainerEntityManagerFactoryBean.java:365) ~[spring-orm-5.3.20.jar:5.3.20]
	at org.springframework.orm.jpa.AbstractEntityManagerFactoryBean.buildNativeEntityManagerFactory(AbstractEntityManagerFactoryBean.java:409) ~[spring-orm-5.3.20.jar:5.3.20]
	at org.springframework.orm.jpa.AbstractEntityManagerFactoryBean.afterPropertiesSet(AbstractEntityManagerFactoryBean.java:396) ~[spring-orm-5.3.20.jar:5.3.20]
	at org.springframework.orm.jpa.LocalContainerEntityManagerFactoryBean.afterPropertiesSet(LocalContainerEntityManagerFactoryBean.java:341) ~[spring-orm-5.3.20.jar:5.3.20]
	at org.springframework.beans.factory.support.AbstractAutowireCapableBeanFactory.invokeInitMethods(AbstractAutowireCapableBeanFactory.java:1863) ~[spring-beans-5.3.20.jar:5.3.20]
	at org.springframework.beans.factory.support.AbstractAutowireCapableBeanFactory.initializeBean(AbstractAutowireCapableBeanFactory.java:1800) ~[spring-beans-5.3.20.jar:5.3.20]
	at org.springframework.beans.factory.support.AbstractAutowireCapableBeanFactory.doCreateBean(AbstractAutowireCapableBeanFactory.java:620) ~[spring-beans-5.3.20.jar:5.3.20]
	at org.springframework.beans.factory.support.AbstractAutowireCapableBeanFactory.createBean(AbstractAutowireCapableBeanFactory.java:542) ~[spring-beans-5.3.20.jar:5.3.20]
	at org.springframework.beans.factory.support.AbstractBeanFactory.lambda$doGetBean$0(AbstractBeanFactory.java:335) ~[spring-beans-5.3.20.jar:5.3.20]
	at org.springframework.beans.factory.support.DefaultSingletonBeanRegistry.getSingleton(DefaultSingletonBeanRegistry.java:234) ~[spring-beans-5.3.20.jar:5.3.20]
	at org.springframework.beans.factory.support.AbstractBeanFactory.doGetBean(AbstractBeanFactory.java:333) ~[spring-beans-5.3.20.jar:5.3.20]
	at org.springframework.beans.factory.support.AbstractBeanFactory.getBean(AbstractBeanFactory.java:208) ~[spring-beans-5.3.20.jar:5.3.20]
	at org.springframework.context.support.AbstractApplicationContext.getBean(AbstractApplicationContext.java:1154) ~[spring-context-5.3.20.jar:5.3.20]
	at org.springframework.context.support.AbstractApplicationContext.finishBeanFactoryInitialization(AbstractApplicationContext.java:908) ~[spring-context-5.3.20.jar:5.3.20]
	at org.springframework.context.support.AbstractApplicationContext.refresh(AbstractApplicationContext.java:583) ~[spring-context-5.3.20.jar:5.3.20]
	at org.springframework.boot.web.servlet.context.ServletWebServerApplicationContext.refresh(ServletWebServerApplicationContext.java:147) ~[spring-boot-2.7.0.jar:2.7.0]
	at org.springframework.boot.SpringApplication.refresh(SpringApplication.java:734) ~[spring-boot-2.7.0.jar:2.7.0]
	at org.springframework.boot.SpringApplication.refreshContext(SpringApplication.java:408) ~[spring-boot-2.7.0.jar:2.7.0]
	at org.springframework.boot.SpringApplication.run(SpringApplication.java:308) ~[spring-boot-2.7.0.jar:2.7.0]
	at org.springframework.boot.SpringApplication.run(SpringApplication.java:1306) ~[spring-boot-2.7.0.jar:2.7.0]
	at org.springframework.boot.SpringApplication.run(SpringApplication.java:1295) ~[spring-boot-2.7.0.jar:2.7.0]
	at com.bridgelabz.userregistration.UserRegistrationJwtApplication.main(UserRegistrationJwtApplication.java:10) ~[classes/:na]

2022-06-14 20:40:41.099 ERROR 19420 --- [main] com.zaxxer.hikari.pool.HikariPool        : HikariPool-1 - Exception during pool initialization.

java.sql.SQLSyntaxErrorException: Unknown database 'user_registration'
	at com.mysql.cj.jdbc.exceptions.SQLError.createSQLException(SQLError.java:120) ~[mysql-connector-java-8.0.29.jar:8.0.29]
	at com.mysql.cj.jdbc.exceptions.SQLExceptionsMapping.translateException(SQLExceptionsMapping.java:122) ~[mysql-connector-java-8.0.29.jar:8.0.29]
	at com.mysql.cj.jdbc.ConnectionImpl.createNewIO(ConnectionImpl.java:828) ~[mysql-connector-java-8.0.29.jar:8.0.29]
	at com.mysql.cj.jdbc.ConnectionImpl.<init>(ConnectionImpl.java:448) ~[mysql-connector-java-8.0.29.jar:8.0.29]
	at com.mysql.cj.jdbc.ConnectionImpl.getInstance(ConnectionImpl.java:241) ~[mysql-connector-java-8.0.29.jar:8.0.29]
	at com.mysql.cj.jdbc.NonRegisteringDriver.connect(NonRegisteringDriver.java:198) ~[mysql-connector-java-8.0.29.jar:8.0.29]
	at com.zaxxer.hikari.util.DriverDataSource.getConnection(DriverDataSource.java:138) ~[HikariCP-4.0.3.jar:na]
	at com.zaxxer.hikari.pool.PoolBase.newConnection(PoolBase.java:364) ~[HikariCP-4.0.3.jar:na]
	at com.zaxxer.hikari.pool.PoolBase.newPoolEntry(PoolBase.java:206) ~[HikariCP-4.0.3.jar:na]
	at com.zaxxer.hikari.pool.HikariPool.createPoolEntry(HikariPool.java:476) ~[HikariCP-4.0.3.jar:na]
	at com.zaxxer.hikari.pool.HikariPool.checkFailFast(HikariPool.java:561) ~[HikariCP-4.0.3.jar:na]
	at com.zaxxer.hikari.pool.HikariPool.<init>(HikariPool.java:115) ~[HikariCP-4.0.3.jar:na]
	at com.zaxxer.hikari.HikariDataSource.getConnection(HikariDataSource.java:112) ~[HikariCP-4.0.3.jar:na]
	at org.hibernate.engine.jdbc.connections.internal.DatasourceConnectionProviderImpl.getConnection(DatasourceConnectionProviderImpl.java:122) ~[hibernate-core-5.6.9.Final.jar:5.6.9.Final]
	at org.hibernate.engine.jdbc.env.internal.JdbcEnvironmentInitiator$ConnectionProviderJdbcConnectionAccess.obtainConnection(JdbcEnvironmentInitiator.java:181) ~[hibernate-core-5.6.9.Final.jar:5.6.9.Final]
	at org.hibernate.resource.transaction.backend.jdbc.internal.DdlTransactionIsolatorNonJtaImpl.getIsolatedConnection(DdlTransactionIsolatorNonJtaImpl.java:44) ~[hibernate-core-5.6.9.Final.jar:5.6.9.Final]
	at org.hibernate.tool.schema.internal.exec.ImprovedExtractionContextImpl.getJdbcConnection(ImprovedExtractionContextImpl.java:63) ~[hibernate-core-5.6.9.Final.jar:5.6.9.Final]
	at org.hibernate.tool.schema.internal.exec.ImprovedExtractionContextImpl.getJdbcDatabaseMetaData(ImprovedExtractionContextImpl.java:70) ~[hibernate-core-5.6.9.Final.jar:5.6.9.Final]
	at org.hibernate.tool.schema.extract.internal.InformationExtractorJdbcDatabaseMetaDataImpl.processTableResultSet(InformationExtractorJdbcDatabaseMetaDataImpl.java:64) ~[hibernate-core-5.6.9.Final.jar:5.6.9.Final]
	at org.hibernate.tool.schema.extract.internal.AbstractInformationExtractorImpl.getTables(AbstractInformationExtractorImpl.java:559) ~[hibernate-core-5.6.9.Final.jar:5.6.9.Final]
	at org.hibernate.tool.schema.extract.internal.DatabaseInformationImpl.getTablesInformation(DatabaseInformationImpl.java:122) ~[hibernate-core-5.6.9.Final.jar:5.6.9.Final]
	at org.hibernate.tool.schema.internal.GroupedSchemaMigratorImpl.performTablesMigration(GroupedSchemaMigratorImpl.java:68) ~[hibernate-core-5.6.9.Final.jar:5.6.9.Final]
	at org.hibernate.tool.schema.internal.AbstractSchemaMigrator.performMigration(AbstractSchemaMigrator.java:220) ~[hibernate-core-5.6.9.Final.jar:5.6.9.Final]
	at org.hibernate.tool.schema.internal.AbstractSchemaMigrator.doMigration(AbstractSchemaMigrator.java:123) ~[hibernate-core-5.6.9.Final.jar:5.6.9.Final]
	at org.hibernate.tool.schema.spi.SchemaManagementToolCoordinator.performDatabaseAction(SchemaManagementToolCoordinator.java:196) ~[hibernate-core-5.6.9.Final.jar:5.6.9.Final]
	at org.hibernate.tool.schema.spi.SchemaManagementToolCoordinator.process(SchemaManagementToolCoordinator.java:85) ~[hibernate-core-5.6.9.Final.jar:5.6.9.Final]
	at org.hibernate.internal.SessionFactoryImpl.<init>(SessionFactoryImpl.java:335) ~[hibernate-core-5.6.9.Final.jar:5.6.9.Final]
	at org.hibernate.boot.internal.SessionFactoryBuilderImpl.build(SessionFactoryBuilderImpl.java:471) ~[hibernate-core-5.6.9.Final.jar:5.6.9.Final]
	at org.hibernate.jpa.boot.internal.EntityManagerFactoryBuilderImpl.build(EntityManagerFactoryBuilderImpl.java:1498) ~[hibernate-core-5.6.9.Final.jar:5.6.9.Final]
	at org.springframework.orm.jpa.vendor.SpringHibernateJpaPersistenceProvider.createContainerEntityManagerFactory(SpringHibernateJpaPersistenceProvider.java:58) ~[spring-orm-5.3.20.jar:5.3.20]
	at org.springframework.orm.jpa.LocalContainerEntityManagerFactoryBean.createNativeEntityManagerFactory(LocalContainerEntityManagerFactoryBean.java:365) ~[spring-orm-5.3.20.jar:5.3.20]
	at org.springframework.orm.jpa.AbstractEntityManagerFactoryBean.buildNativeEntityManagerFactory(AbstractEntityManagerFactoryBean.java:409) ~[spring-orm-5.3.20.jar:5.3.20]
	at org.springframework.orm.jpa.AbstractEntityManagerFactoryBean.afterPropertiesSet(AbstractEntityManagerFactoryBean.java:396) ~[spring-orm-5.3.20.jar:5.3.20]
	at org.springframework.orm.jpa.LocalContainerEntityManagerFactoryBean.afterPropertiesSet(LocalContainerEntityManagerFactoryBean.java:341) ~[spring-orm-5.3.20.jar:5.3.20]
	at org.springframework.beans.factory.support.AbstractAutowireCapableBeanFactory.invokeInitMethods(AbstractAutowireCapableBeanFactory.java:1863) ~[spring-beans-5.3.20.jar:5.3.20]
	at org.springframework.beans.factory.support.AbstractAutowireCapableBeanFactory.initializeBean(AbstractAutowireCapableBeanFactory.java:1800) ~[spring-beans-5.3.20.jar:5.3.20]
	at org.springframework.beans.factory.support.AbstractAutowireCapableBeanFactory.doCreateBean(AbstractAutowireCapableBeanFactory.java:620) ~[spring-beans-5.3.20.jar:5.3.20]
	at org.springframework.beans.factory.support.AbstractAutowireCapableBeanFactory.createBean(AbstractAutowireCapableBeanFactory.java:542) ~[spring-beans-5.3.20.jar:5.3.20]
	at org.springframework.beans.factory.support.AbstractBeanFactory.lambda$doGetBean$0(AbstractBeanFactory.java:335) ~[spring-beans-5.3.20.jar:5.3.20]
	at org.springframework.beans.factory.support.DefaultSingletonBeanRegistry.getSingleton(DefaultSingletonBeanRegistry.java:234) ~[spring-beans-5.3.20.jar:5.3.20]
	at org.springframework.beans.factory.support.AbstractBeanFactory.doGetBean(AbstractBeanFactory.java:333) ~[spring-beans-5.3.20.jar:5.3.20]
	at org.springframework.beans.factory.support.AbstractBeanFactory.getBean(AbstractBeanFactory.java:208) ~[spring-beans-5.3.20.jar:5.3.20]
	at org.springframework.context.support.AbstractApplicationContext.getBean(AbstractApplicationContext.java:1154) ~[spring-context-5.3.20.jar:5.3.20]
	at org.springframework.context.support.AbstractApplicationContext.finishBeanFactoryInitialization(AbstractApplicationContext.java:908) ~[spring-context-5.3.20.jar:5.3.20]
	at org.springframework.context.support.AbstractApplicationContext.refresh(AbstractApplicationContext.java:583) ~[spring-context-5.3.20.jar:5.3.20]
	at org.springframework.boot.web.servlet.context.ServletWebServerApplicationContext.refresh(ServletWebServerApplicationContext.java:147) ~[spring-boot-2.7.0.jar:2.7.0]
	at org.springframework.boot.SpringApplication.refresh(SpringApplication.java:734) ~[spring-boot-2.7.0.jar:2.7.0]
	at org.springframework.boot.SpringApplication.refreshContext(SpringApplication.java:408) ~[spring-boot-2.7.0.jar:2.7.0]
	at org.springframework.boot.SpringApplication.run(SpringApplication.java:308) ~[spring-boot-2.7.0.jar:2.7.0]
	at org.springframework.boot.SpringApplication.run(SpringApplication.java:1306) ~[spring-boot-2.7.0.jar:2.7.0]
	at org.springframework.boot.SpringApplication.run(SpringApplication.java:1295) ~[spring-boot-2.7.0.jar:2.7.0]
	at com.bridgelabz.userregistration.UserRegistrationJwtApplication.main(UserRegistrationJwtApplication.java:10) ~[classes/:na]

2022-06-14 20:40:41.105 ERROR 19420 --- [main] o.h.engine.jdbc.spi.SqlExceptionHelper   : Unknown database 'user_registration'
2022-06-14 20:40:41.120 ERROR 19420 --- [main] j.LocalContainerEntityManagerFactoryBean : Failed to initialize JPA EntityManagerFactory: [PersistenceUnit: default] Unable to build Hibernate SessionFactory; nested exception is org.hibernate.exception.SQLGrammarException: Unable to open JDBC Connection for DDL execution
2022-06-14 20:40:41.123  WARN 19420 --- [main] ConfigServletWebServerApplicationContext : Exception encountered during context initialization - cancelling refresh attempt: org.springframework.beans.factory.BeanCreationException: Error creating bean with name 'entityManagerFactory' defined in class path resource [org/springframework/boot/autoconfigure/orm/jpa/HibernateJpaConfiguration.class]: Invocation of init method failed; nested exception is javax.persistence.PersistenceException: [PersistenceUnit: default] Unable to build Hibernate SessionFactory; nested exception is org.hibernate.exception.SQLGrammarException: Unable to open JDBC Connection for DDL execution
2022-06-14 20:40:41.275 ERROR 19420 --- [main] o.s.boot.SpringApplication               : Application run failed

org.springframework.beans.factory.BeanCreationException: Error creating bean with name 'entityManagerFactory' defined in class path resource [org/springframework/boot/autoconfigure/orm/jpa/HibernateJpaConfiguration.class]: Invocation of init method failed; nested exception is javax.persistence.PersistenceException: [PersistenceUnit: default] Unable to build Hibernate SessionFactory; nested exception is org.hibernate.exception.SQLGrammarException: Unable to open JDBC Connection for DDL execution
	at org.springframework.beans.factory.support.AbstractAutowireCapableBeanFactory.initializeBean(AbstractAutowireCapableBeanFactory.java:1804) ~[spring-beans-5.3.20.jar:5.3.20]
	at org.springframework.beans.factory.support.AbstractAutowireCapableBeanFactory.doCreateBean(AbstractAutowireCapableBeanFactory.java:620) ~[spring-beans-5.3.20.jar:5.3.20]
	at org.springframework.beans.factory.support.AbstractAutowireCapableBeanFactory.createBean(AbstractAutowireCapableBeanFactory.java:542) ~[spring-beans-5.3.20.jar:5.3.20]
	at org.springframework.beans.factory.support.AbstractBeanFactory.lambda$doGetBean$0(AbstractBeanFactory.java:335) ~[spring-beans-5.3.20.jar:5.3.20]
	at org.springframework.beans.factory.support.DefaultSingletonBeanRegistry.getSingleton(DefaultSingletonBeanRegistry.java:234) ~[spring-beans-5.3.20.jar:5.3.20]
	at org.springframework.beans.factory.support.AbstractBeanFactory.doGetBean(AbstractBeanFactory.java:333) ~[spring-beans-5.3.20.jar:5.3.20]
	at org.springframework.beans.factory.support.AbstractBeanFactory.getBean(AbstractBeanFactory.java:208) ~[spring-beans-5.3.20.jar:5.3.20]
	at org.springframework.context.support.AbstractApplicationContext.getBean(AbstractApplicationContext.java:1154) ~[spring-context-5.3.20.jar:5.3.20]
	at org.springframework.context.support.AbstractApplicationContext.finishBeanFactoryInitialization(AbstractApplicationContext.java:908) ~[spring-context-5.3.20.jar:5.3.20]
	at org.springframework.context.support.AbstractApplicationContext.refresh(AbstractApplicationContext.java:583) ~[spring-context-5.3.20.jar:5.3.20]
	at org.springframework.boot.web.servlet.context.ServletWebServerApplicationContext.refresh(ServletWebServerApplicationContext.java:147) ~[spring-boot-2.7.0.jar:2.7.0]
	at org.springframework.boot.SpringApplication.refresh(SpringApplication.java:734) ~[spring-boot-2.7.0.jar:2.7.0]
	at org.springframework.boot.SpringApplication.refreshContext(SpringApplication.java:408) ~[spring-boot-2.7.0.jar:2.7.0]
	at org.springframework.boot.SpringApplication.run(SpringApplication.java:308) ~[spring-boot-2.7.0.jar:2.7.0]
	at org.springframework.boot.SpringApplication.run(SpringApplication.java:1306) ~[spring-boot-2.7.0.jar:2.7.0]
	at org.springframework.boot.SpringApplication.run(SpringApplication.java:1295) ~[spring-boot-2.7.0.jar:2.7.0]
	at com.bridgelabz.userregistration.UserRegistrationJwtApplication.main(UserRegistrationJwtApplication.java:10) ~[classes/:na]
Caused by: javax.persistence.PersistenceException: [PersistenceUnit: default] Unable to build Hibernate SessionFactory; nested exception is org.hibernate.exception.SQLGrammarException: Unable to open JDBC Connection for DDL execution
	at org.springframework.orm.jpa.AbstractEntityManagerFactoryBean.buildNativeEntityManagerFactory(AbstractEntityManagerFactoryBean.java:421) ~[spring-orm-5.3.20.jar:5.3.20]
	at org.springframework.orm.jpa.AbstractEntityManagerFactoryBean.afterPropertiesSet(AbstractEntityManagerFactoryBean.java:396) ~[spring-orm-5.3.20.jar:5.3.20]
	at org.springframework.orm.jpa.LocalContainerEntityManagerFactoryBean.afterPropertiesSet(LocalContainerEntityManagerFactoryBean.java:341) ~[spring-orm-5.3.20.jar:5.3.20]
	at org.springframework.beans.factory.support.AbstractAutowireCapableBeanFactory.invokeInitMethods(AbstractAutowireCapableBeanFactory.java:1863) ~[spring-beans-5.3.20.jar:5.3.20]
	at org.springframework.beans.factory.support.AbstractAutowireCapableBeanFactory.initializeBean(AbstractAutowireCapableBeanFactory.java:1800) ~[spring-beans-5.3.20.jar:5.3.20]
	... 16 common frames omitted
Caused by: org.hibernate.exception.SQLGrammarException: Unable to open JDBC Connection for DDL execution
	at org.hibernate.exception.internal.SQLExceptionTypeDelegate.convert(SQLExceptionTypeDelegate.java:63) ~[hibernate-core-5.6.9.Final.jar:5.6.9.Final]
	at org.hibernate.exception.internal.StandardSQLExceptionConverter.convert(StandardSQLExceptionConverter.java:37) ~[hibernate-core-5.6.9.Final.jar:5.6.9.Final]
	at org.hibernate.engine.jdbc.spi.SqlExceptionHelper.convert(SqlExceptionHelper.java:113) ~[hibernate-core-5.6.9.Final.jar:5.6.9.Final]
	at org.hibernate.engine.jdbc.spi.SqlExceptionHelper.convert(SqlExceptionHelper.java:99) ~[hibernate-core-5.6.9.Final.jar:5.6.9.Final]
	at org.hibernate.resource.transaction.backend.jdbc.internal.DdlTransactionIsolatorNonJtaImpl.getIsolatedConnection(DdlTransactionIsolatorNonJtaImpl.java:71) ~[hibernate-core-5.6.9.Final.jar:5.6.9.Final]
	at org.hibernate.tool.schema.internal.exec.ImprovedExtractionContextImpl.getJdbcConnection(ImprovedExtractionContextImpl.java:63) ~[hibernate-core-5.6.9.Final.jar:5.6.9.Final]
	at org.hibernate.tool.schema.internal.exec.ImprovedExtractionContextImpl.getJdbcDatabaseMetaData(ImprovedExtractionContextImpl.java:70) ~[hibernate-core-5.6.9.Final.jar:5.6.9.Final]
	at org.hibernate.tool.schema.extract.internal.InformationExtractorJdbcDatabaseMetaDataImpl.processTableResultSet(InformationExtractorJdbcDatabaseMetaDataImpl.java:64) ~[hibernate-core-5.6.9.Final.jar:5.6.9.Final]
	at org.hibernate.tool.schema.extract.internal.AbstractInformationExtractorImpl.getTables(AbstractInformationExtractorImpl.java:559) ~[hibernate-core-5.6.9.Final.jar:5.6.9.Final]
	at org.hibernate.tool.schema.extract.internal.DatabaseInformationImpl.getTablesInformation(DatabaseInformationImpl.java:122) ~[hibernate-core-5.6.9.Final.jar:5.6.9.Final]
	at org.hibernate.tool.schema.internal.GroupedSchemaMigratorImpl.performTablesMigration(GroupedSchemaMigratorImpl.java:68) ~[hibernate-core-5.6.9.Final.jar:5.6.9.Final]
	at org.hibernate.tool.schema.internal.AbstractSchemaMigrator.performMigration(AbstractSchemaMigrator.java:220) ~[hibernate-core-5.6.9.Final.jar:5.6.9.Final]
	at org.hibernate.tool.schema.internal.AbstractSchemaMigrator.doMigration(AbstractSchemaMigrator.java:123) ~[hibernate-core-5.6.9.Final.jar:5.6.9.Final]
	at org.hibernate.tool.schema.spi.SchemaManagementToolCoordinator.performDatabaseAction(SchemaManagementToolCoordinator.java:196) ~[hibernate-core-5.6.9.Final.jar:5.6.9.Final]
	at org.hibernate.tool.schema.spi.SchemaManagementToolCoordinator.process(SchemaManagementToolCoordinator.java:85) ~[hibernate-core-5.6.9.Final.jar:5.6.9.Final]
	at org.hibernate.internal.SessionFactoryImpl.<init>(SessionFactoryImpl.java:335) ~[hibernate-core-5.6.9.Final.jar:5.6.9.Final]
	at org.hibernate.boot.internal.SessionFactoryBuilderImpl.build(SessionFactoryBuilderImpl.java:471) ~[hibernate-core-5.6.9.Final.jar:5.6.9.Final]
	at org.hibernate.jpa.boot.internal.EntityManagerFactoryBuilderImpl.build(EntityManagerFactoryBuilderImpl.java:1498) ~[hibernate-core-5.6.9.Final.jar:5.6.9.Final]
	at org.springframework.orm.jpa.vendor.SpringHibernateJpaPersistenceProvider.createContainerEntityManagerFactory(SpringHibernateJpaPersistenceProvider.java:58) ~[spring-orm-5.3.20.jar:5.3.20]
	at org.springframework.orm.jpa.LocalContainerEntityManagerFactoryBean.createNativeEntityManagerFactory(LocalContainerEntityManagerFactoryBean.java:365) ~[spring-orm-5.3.20.jar:5.3.20]
	at org.springframework.orm.jpa.AbstractEntityManagerFactoryBean.buildNativeEntityManagerFactory(AbstractEntityManagerFactoryBean.java:409) ~[spring-orm-5.3.20.jar:5.3.20]
	... 20 common frames omitted
Caused by: java.sql.SQLSyntaxErrorException: Unknown database 'user_registration'
	at com.mysql.cj.jdbc.exceptions.SQLError.createSQLException(SQLError.java:120) ~[mysql-connector-java-8.0.29.jar:8.0.29]
	at com.mysql.cj.jdbc.exceptions.SQLExceptionsMapping.translateException(SQLExceptionsMapping.java:122) ~[mysql-connector-java-8.0.29.jar:8.0.29]
	at com.mysql.cj.jdbc.ConnectionImpl.createNewIO(ConnectionImpl.java:828) ~[mysql-connector-java-8.0.29.jar:8.0.29]
	at com.mysql.cj.jdbc.ConnectionImpl.<init>(ConnectionImpl.java:448) ~[mysql-connector-java-8.0.29.jar:8.0.29]
	at com.mysql.cj.jdbc.ConnectionImpl.getInstance(ConnectionImpl.java:241) ~[mysql-connector-java-8.0.29.jar:8.0.29]
	at com.mysql.cj.jdbc.NonRegisteringDriver.connect(NonRegisteringDriver.java:198) ~[mysql-connector-java-8.0.29.jar:8.0.29]
	at com.zaxxer.hikari.util.DriverDataSource.getConnection(DriverDataSource.java:138) ~[HikariCP-4.0.3.jar:na]
	at com.zaxxer.hikari.pool.PoolBase.newConnection(PoolBase.java:364) ~[HikariCP-4.0.3.jar:na]
	at com.zaxxer.hikari.pool.PoolBase.newPoolEntry(PoolBase.java:206) ~[HikariCP-4.0.3.jar:na]
	at com.zaxxer.hikari.pool.HikariPool.createPoolEntry(HikariPool.java:476) ~[HikariCP-4.0.3.jar:na]
	at com.zaxxer.hikari.pool.HikariPool.checkFailFast(HikariPool.java:561) ~[HikariCP-4.0.3.jar:na]
	at com.zaxxer.hikari.pool.HikariPool.<init>(HikariPool.java:115) ~[HikariCP-4.0.3.jar:na]
	at com.zaxxer.hikari.HikariDataSource.getConnection(HikariDataSource.java:112) ~[HikariCP-4.0.3.jar:na]
	at org.hibernate.engine.jdbc.connections.internal.DatasourceConnectionProviderImpl.getConnection(DatasourceConnectionProviderImpl.java:122) ~[hibernate-core-5.6.9.Final.jar:5.6.9.Final]
	at org.hibernate.engine.jdbc.env.internal.JdbcEnvironmentInitiator$ConnectionProviderJdbcConnectionAccess.obtainConnection(JdbcEnvironmentInitiator.java:181) ~[hibernate-core-5.6.9.Final.jar:5.6.9.Final]
	at org.hibernate.resource.transaction.backend.jdbc.internal.DdlTransactionIsolatorNonJtaImpl.getIsolatedConnection(DdlTransactionIsolatorNonJtaImpl.java:44) ~[hibernate-core-5.6.9.Final.jar:5.6.9.Final]
	... 36 common frames omitted

2022-06-14 20:42:02.298  INFO 18900 --- [main] c.b.u.UserRegistrationJwtApplication     : Starting UserRegistrationJwtApplication using Java 17.0.2 on DESKTOP-F5EDT75 with PID 18900 (C:\Users\Ajit Vibhute\eclipse-workspace-web\user-registration-jwt\target\classes started by Ajit Vibhute in C:\Users\Ajit Vibhute\eclipse-workspace-web\user-registration-jwt)
2022-06-14 20:42:02.306 DEBUG 18900 --- [main] c.b.u.UserRegistrationJwtApplication     : Running with Spring Boot v2.7.0, Spring v5.3.20
2022-06-14 20:42:02.308  INFO 18900 --- [main] c.b.u.UserRegistrationJwtApplication     : The following 1 profile is active: "dev"
2022-06-14 20:42:33.537  INFO 20496 --- [main] c.b.u.UserRegistrationJwtApplication     : Starting UserRegistrationJwtApplication using Java 17.0.2 on DESKTOP-F5EDT75 with PID 20496 (C:\Users\Ajit Vibhute\eclipse-workspace-web\user-registration-jwt\target\classes started by Ajit Vibhute in C:\Users\Ajit Vibhute\eclipse-workspace-web\user-registration-jwt)
2022-06-14 20:42:33.545 DEBUG 20496 --- [main] c.b.u.UserRegistrationJwtApplication     : Running with Spring Boot v2.7.0, Spring v5.3.20
2022-06-14 20:42:33.547  INFO 20496 --- [main] c.b.u.UserRegistrationJwtApplication     : The following 1 profile is active: "dev"
2022-06-14 20:42:45.267  WARN 20496 --- [main] JpaBaseConfiguration$JpaWebConfiguration : spring.jpa.open-in-view is enabled by default. Therefore, database queries may be performed during view rendering. Explicitly configure spring.jpa.open-in-view to disable this warning
2022-06-14 20:42:46.436  INFO 20496 --- [main] c.b.u.UserRegistrationJwtApplication     : Started UserRegistrationJwtApplication in 14.063 seconds (JVM running for 15.144)
2022-06-14 20:46:26.592  WARN 20496 --- [http-nio-8081-exec-1] .w.s.m.s.DefaultHandlerExceptionResolver : Resolved [org.springframework.web.bind.MethodArgumentNotValidException: Validation failed for argument [0] in public org.springframework.http.ResponseEntity<com.bridgelabz.userregistration.dto.ResponseDTO> com.bridgelabz.userregistration.controller.UserController.addUserInfo(com.bridgelabz.userregistration.dto.UserDTO): [Field error in object 'userDTO' on field 'lastName': rejected value [Vibhute]; codes [Pattern.userDTO.lastName,Pattern.lastName,Pattern]; arguments [org.springframework.context.support.DefaultMessageSourceResolvable: codes [userDTO.lastName,lastName]; arguments []; default message [lastName],[Ljavax.validation.constraints.Pattern$Flag;@4add3881,^[a-z0-9]{1,}[.]{0,1}[a-zA-Z0-9]{0,}+@[a-zA-Z0-9]+.[a-zA-Z]{2,3}[.]{0,1}[a-zA-Z]{0,2}$]; default message [Email Address is Invalid!, Please Enter Valid Email Address.]] ]
2022-06-14 20:46:51.041  WARN 20496 --- [http-nio-8081-exec-2] .w.s.m.s.DefaultHandlerExceptionResolver : Resolved [org.springframework.web.bind.MethodArgumentNotValidException: Validation failed for argument [0] in public org.springframework.http.ResponseEntity<com.bridgelabz.userregistration.dto.ResponseDTO> com.bridgelabz.userregistration.controller.UserController.addUserInfo(com.bridgelabz.userregistration.dto.UserDTO): [Field error in object 'userDTO' on field 'lastName': rejected value [Vibhute]; codes [Pattern.userDTO.lastName,Pattern.lastName,Pattern]; arguments [org.springframework.context.support.DefaultMessageSourceResolvable: codes [userDTO.lastName,lastName]; arguments []; default message [lastName],[Ljavax.validation.constraints.Pattern$Flag;@4add3881,^[a-z0-9]{1,}[.]{0,1}[a-zA-Z0-9]{0,}+@[a-zA-Z0-9]+.[a-zA-Z]{2,3}[.]{0,1}[a-zA-Z]{0,2}$]; default message [Email Address is Invalid!, Please Enter Valid Email Address.]] ]
2022-06-14 20:48:22.682  INFO 20528 --- [main] c.b.u.UserRegistrationJwtApplication     : Starting UserRegistrationJwtApplication using Java 17.0.2 on DESKTOP-F5EDT75 with PID 20528 (C:\Users\Ajit Vibhute\eclipse-workspace-web\user-registration-jwt\target\classes started by Ajit Vibhute in C:\Users\Ajit Vibhute\eclipse-workspace-web\user-registration-jwt)
2022-06-14 20:48:22.688 DEBUG 20528 --- [main] c.b.u.UserRegistrationJwtApplication     : Running with Spring Boot v2.7.0, Spring v5.3.20
2022-06-14 20:48:22.689  INFO 20528 --- [main] c.b.u.UserRegistrationJwtApplication     : The following 1 profile is active: "dev"
2022-06-14 20:48:31.522  WARN 20528 --- [main] JpaBaseConfiguration$JpaWebConfiguration : spring.jpa.open-in-view is enabled by default. Therefore, database queries may be performed during view rendering. Explicitly configure spring.jpa.open-in-view to disable this warning
2022-06-14 20:48:32.545  INFO 20528 --- [main] c.b.u.UserRegistrationJwtApplication     : Started UserRegistrationJwtApplication in 10.951 seconds (JVM running for 11.971)
2022-06-14 20:48:39.906  WARN 20528 --- [http-nio-8081-exec-1] .w.s.m.s.DefaultHandlerExceptionResolver : Resolved [org.springframework.web.HttpMediaTypeNotAcceptableException: Could not find acceptable representation]
2022-06-14 20:49:27.853  INFO 15396 --- [main] c.b.u.UserRegistrationJwtApplication     : Starting UserRegistrationJwtApplication using Java 17.0.2 on DESKTOP-F5EDT75 with PID 15396 (C:\Users\Ajit Vibhute\eclipse-workspace-web\user-registration-jwt\target\classes started by Ajit Vibhute in C:\Users\Ajit Vibhute\eclipse-workspace-web\user-registration-jwt)
2022-06-14 20:49:27.866 DEBUG 15396 --- [main] c.b.u.UserRegistrationJwtApplication     : Running with Spring Boot v2.7.0, Spring v5.3.20
2022-06-14 20:49:27.867  INFO 15396 --- [main] c.b.u.UserRegistrationJwtApplication     : The following 1 profile is active: "dev"
2022-06-14 20:50:49.736  INFO 21408 --- [main] c.b.u.UserRegistrationJwtApplication     : Starting UserRegistrationJwtApplication using Java 17.0.2 on DESKTOP-F5EDT75 with PID 21408 (C:\Users\Ajit Vibhute\eclipse-workspace-web\user-registration-jwt\target\classes started by Ajit Vibhute in C:\Users\Ajit Vibhute\eclipse-workspace-web\user-registration-jwt)
2022-06-14 20:50:49.747 DEBUG 21408 --- [main] c.b.u.UserRegistrationJwtApplication     : Running with Spring Boot v2.7.0, Spring v5.3.20
2022-06-14 20:50:49.750  INFO 21408 --- [main] c.b.u.UserRegistrationJwtApplication     : The following 1 profile is active: "dev"
2022-06-14 20:50:58.270  WARN 21408 --- [main] JpaBaseConfiguration$JpaWebConfiguration : spring.jpa.open-in-view is enabled by default. Therefore, database queries may be performed during view rendering. Explicitly configure spring.jpa.open-in-view to disable this warning
2022-06-14 20:50:59.280  INFO 21408 --- [main] c.b.u.UserRegistrationJwtApplication     : Started UserRegistrationJwtApplication in 10.606 seconds (JVM running for 11.617)
2022-06-14 20:54:45.565  WARN 21408 --- [http-nio-8081-exec-5] .w.s.m.s.DefaultHandlerExceptionResolver : Resolved [org.springframework.web.HttpRequestMethodNotSupportedException: Request method 'POST' not supported]
2022-06-14 20:57:55.100  INFO 13232 --- [main] c.b.u.UserRegistrationJwtApplication     : Starting UserRegistrationJwtApplication using Java 17.0.2 on DESKTOP-F5EDT75 with PID 13232 (C:\Users\Ajit Vibhute\eclipse-workspace-web\user-registration-jwt\target\classes started by Ajit Vibhute in C:\Users\Ajit Vibhute\eclipse-workspace-web\user-registration-jwt)
2022-06-14 20:57:55.124 DEBUG 13232 --- [main] c.b.u.UserRegistrationJwtApplication     : Running with Spring Boot v2.7.0, Spring v5.3.20
2022-06-14 20:57:55.125  INFO 13232 --- [main] c.b.u.UserRegistrationJwtApplication     : The following 1 profile is active: "dev"
2022-06-14 20:58:05.238  WARN 13232 --- [main] JpaBaseConfiguration$JpaWebConfiguration : spring.jpa.open-in-view is enabled by default. Therefore, database queries may be performed during view rendering. Explicitly configure spring.jpa.open-in-view to disable this warning
2022-06-14 20:58:06.231  INFO 13232 --- [main] c.b.u.UserRegistrationJwtApplication     : Started UserRegistrationJwtApplication in 13.081 seconds (JVM running for 15.532)
2022-06-14 20:58:55.874  INFO 17004 --- [main] c.b.u.UserRegistrationJwtApplication     : Starting UserRegistrationJwtApplication using Java 17.0.2 on DESKTOP-F5EDT75 with PID 17004 (C:\Users\Ajit Vibhute\eclipse-workspace-web\user-registration-jwt\target\classes started by Ajit Vibhute in C:\Users\Ajit Vibhute\eclipse-workspace-web\user-registration-jwt)
2022-06-14 20:58:55.897 DEBUG 17004 --- [main] c.b.u.UserRegistrationJwtApplication     : Running with Spring Boot v2.7.0, Spring v5.3.20
2022-06-14 20:58:55.898  INFO 17004 --- [main] c.b.u.UserRegistrationJwtApplication     : The following 1 profile is active: "dev"
2022-06-14 20:59:06.791  WARN 17004 --- [main] JpaBaseConfiguration$JpaWebConfiguration : spring.jpa.open-in-view is enabled by default. Therefore, database queries may be performed during view rendering. Explicitly configure spring.jpa.open-in-view to disable this warning
2022-06-14 20:59:08.130  INFO 17004 --- [main] c.b.u.UserRegistrationJwtApplication     : Started UserRegistrationJwtApplication in 13.834 seconds (JVM running for 15.513)
2022-06-14 21:25:20.344  INFO 20868 --- [main] c.b.u.UserRegistrationJwtApplication     : Starting UserRegistrationJwtApplication using Java 17.0.2 on DESKTOP-F5EDT75 with PID 20868 (C:\Users\Ajit Vibhute\eclipse-workspace-web\user-registration-jwt\target\classes started by Ajit Vibhute in C:\Users\Ajit Vibhute\eclipse-workspace-web\user-registration-jwt)
2022-06-14 21:25:20.353 DEBUG 20868 --- [main] c.b.u.UserRegistrationJwtApplication     : Running with Spring Boot v2.7.0, Spring v5.3.20
2022-06-14 21:25:20.355  INFO 20868 --- [main] c.b.u.UserRegistrationJwtApplication     : The following 1 profile is active: "dev"
2022-06-14 21:25:31.790  WARN 20868 --- [main] JpaBaseConfiguration$JpaWebConfiguration : spring.jpa.open-in-view is enabled by default. Therefore, database queries may be performed during view rendering. Explicitly configure spring.jpa.open-in-view to disable this warning
2022-06-14 21:25:32.719  INFO 20868 --- [main] c.b.u.UserRegistrationJwtApplication     : Started UserRegistrationJwtApplication in 13.598 seconds (JVM running for 14.785)
2022-06-14 21:26:27.030  INFO 20836 --- [main] c.b.u.UserRegistrationJwtApplication     : Starting UserRegistrationJwtApplication using Java 17.0.2 on DESKTOP-F5EDT75 with PID 20836 (C:\Users\Ajit Vibhute\eclipse-workspace-web\user-registration-jwt\target\classes started by Ajit Vibhute in C:\Users\Ajit Vibhute\eclipse-workspace-web\user-registration-jwt)
2022-06-14 21:26:27.037 DEBUG 20836 --- [main] c.b.u.UserRegistrationJwtApplication     : Running with Spring Boot v2.7.0, Spring v5.3.20
2022-06-14 21:26:27.045  INFO 20836 --- [main] c.b.u.UserRegistrationJwtApplication     : The following 1 profile is active: "dev"
2022-06-14 21:26:36.336  WARN 20836 --- [main] JpaBaseConfiguration$JpaWebConfiguration : spring.jpa.open-in-view is enabled by default. Therefore, database queries may be performed during view rendering. Explicitly configure spring.jpa.open-in-view to disable this warning
2022-06-14 21:26:37.417  INFO 20836 --- [main] c.b.u.UserRegistrationJwtApplication     : Started UserRegistrationJwtApplication in 11.558 seconds (JVM running for 12.701)
2022-06-14 21:35:02.603  INFO 13524 --- [main] c.b.u.UserRegistrationJwtApplication     : Starting UserRegistrationJwtApplication using Java 17.0.2 on DESKTOP-F5EDT75 with PID 13524 (C:\Users\Ajit Vibhute\eclipse-workspace-web\user-registration-jwt\target\classes started by Ajit Vibhute in C:\Users\Ajit Vibhute\eclipse-workspace-web\user-registration-jwt)
2022-06-14 21:35:02.616 DEBUG 13524 --- [main] c.b.u.UserRegistrationJwtApplication     : Running with Spring Boot v2.7.0, Spring v5.3.20
2022-06-14 21:35:02.618  INFO 13524 --- [main] c.b.u.UserRegistrationJwtApplication     : The following 1 profile is active: "dev"
2022-06-14 21:35:16.139  WARN 13524 --- [main] JpaBaseConfiguration$JpaWebConfiguration : spring.jpa.open-in-view is enabled by default. Therefore, database queries may be performed during view rendering. Explicitly configure spring.jpa.open-in-view to disable this warning
2022-06-14 21:35:17.617  INFO 13524 --- [main] c.b.u.UserRegistrationJwtApplication     : Started UserRegistrationJwtApplication in 17.25 seconds (JVM running for 18.823)
